<?xml version="1.0" encoding="UTF-8"?>
<!-- Generated by org.testng.reporters.JUnitXMLReporter -->
<testsuite ignored="0" hostname="MSI" failures="0" tests="3" name="Default test" time="6.565" errors="0" timestamp="2023-03-10T00:20:46 IST">
  <testcase classname="TestCases.loginpageTest" name="HomePage" time="0.039"/>
  <testcase classname="TestCases.loginpageTest" name="login" time="2.507"/>
  <testcase classname="TestCases.loginpageTest" name="loggedOut" time="0.016"/>
</testsuite> <!-- Default test -->
