<?xml version="1.0" encoding="UTF-8"?>
<testng-results ignored="0" total="4" passed="4" failed="0" skipped="0">
  <reporter-output>
  </reporter-output>
  <suite started-at="2023-03-10T00:21:09 IST" name="Suite" finished-at="2023-03-10T00:21:21 IST" duration-ms="12073">
    <groups>
    </groups>
    <test started-at="2023-03-10T00:21:09 IST" name="Test" finished-at="2023-03-10T00:21:21 IST" duration-ms="12073">
      <class name="TestCases.loginpageTest">
        <test-method is-config="true" signature="start()[pri:0, instance:TestCases.loginpageTest@3549bca9]" started-at="2023-03-10T00:21:15 IST" name="start" finished-at="2023-03-10T00:21:18 IST" duration-ms="2629" status="PASS">
          <reporter-output>
          </reporter-output>
        </test-method> <!-- start -->
        <test-method signature="HomePage()[pri:1, instance:TestCases.loginpageTest@3549bca9]" started-at="2023-03-10T00:21:18 IST" name="HomePage" finished-at="2023-03-10T00:21:18 IST" duration-ms="28" status="PASS">
          <reporter-output>
          </reporter-output>
        </test-method> <!-- HomePage -->
        <test-method signature="login(java.lang.String,java.lang.String)[pri:2, instance:TestCases.loginpageTest@3549bca9]" started-at="2023-03-10T00:21:18 IST" name="login" data-provider="credentials" finished-at="2023-03-10T00:21:21 IST" duration-ms="2502" status="PASS">
          <params>
            <param index="0">
              <value>
                <![CDATA[admin@email.com]]>
              </value>
            </param>
            <param index="1">
              <value>
                <![CDATA[admin@123]]>
              </value>
            </param>
          </params>
          <reporter-output>
          </reporter-output>
        </test-method> <!-- login -->
        <test-method signature="loggedOut()[pri:3, instance:TestCases.loginpageTest@3549bca9]" started-at="2023-03-10T00:21:21 IST" name="loggedOut" finished-at="2023-03-10T00:21:21 IST" duration-ms="14" status="PASS">
          <reporter-output>
          </reporter-output>
        </test-method> <!-- loggedOut -->
        <test-method is-config="true" signature="closebrowse()[pri:0, instance:TestCases.loginpageTest@3549bca9]" started-at="2023-03-10T00:21:21 IST" name="closebrowse" finished-at="2023-03-10T00:21:21 IST" duration-ms="0" status="PASS">
          <reporter-output>
          </reporter-output>
        </test-method> <!-- closebrowse -->
      </class> <!-- TestCases.loginpageTest -->
      <class name="TestCases.DefaultLandingPage">
        <test-method is-config="true" signature="start()[pri:0, instance:TestCases.DefaultLandingPage@5143c662]" started-at="2023-03-10T00:21:09 IST" name="start" finished-at="2023-03-10T00:21:12 IST" duration-ms="3597" status="PASS">
          <reporter-output>
          </reporter-output>
        </test-method> <!-- start -->
        <test-method signature="getsocialmeadiaicons()[pri:0, instance:TestCases.DefaultLandingPage@5143c662]" started-at="2023-03-10T00:21:12 IST" name="getsocialmeadiaicons" finished-at="2023-03-10T00:21:15 IST" duration-ms="2774" status="PASS">
          <reporter-output>
          </reporter-output>
        </test-method> <!-- getsocialmeadiaicons -->
        <test-method is-config="true" signature="closebrowse()[pri:0, instance:TestCases.DefaultLandingPage@5143c662]" started-at="2023-03-10T00:21:15 IST" name="closebrowse" finished-at="2023-03-10T00:21:15 IST" duration-ms="0" status="PASS">
          <reporter-output>
          </reporter-output>
        </test-method> <!-- closebrowse -->
      </class> <!-- TestCases.DefaultLandingPage -->
    </test> <!-- Test -->
  </suite> <!-- Suite -->
</testng-results>
