<?xml version="1.0" encoding="UTF-8"?>
<testng-results ignored="0" total="4" passed="4" failed="0" skipped="0">
  <reporter-output>
  </reporter-output>
  <suite started-at="2023-03-12T10:50:51 IST" name="Suite" finished-at="2023-03-12T10:51:04 IST" duration-ms="13032">
    <groups>
    </groups>
    <test started-at="2023-03-12T10:50:51 IST" name="Test" finished-at="2023-03-12T10:51:04 IST" duration-ms="13032">
      <class name="TestCases.loginpageTest">
        <test-method is-config="true" signature="start()[pri:0, instance:TestCases.loginpageTest@d771cc9]" started-at="2023-03-12T10:50:58 IST" name="start" finished-at="2023-03-12T10:51:01 IST" duration-ms="3102" status="PASS">
          <reporter-output>
          </reporter-output>
        </test-method> <!-- start -->
        <test-method signature="HomePage()[pri:1, instance:TestCases.loginpageTest@d771cc9]" started-at="2023-03-12T10:51:01 IST" name="HomePage" finished-at="2023-03-12T10:51:01 IST" duration-ms="27" status="PASS">
          <reporter-output>
          </reporter-output>
        </test-method> <!-- HomePage -->
        <test-method signature="login(java.lang.String,java.lang.String)[pri:2, instance:TestCases.loginpageTest@d771cc9]" started-at="2023-03-12T10:51:01 IST" name="login" data-provider="credentials" finished-at="2023-03-12T10:51:04 IST" duration-ms="2561" status="PASS">
          <params>
            <param index="0">
              <value>
                <![CDATA[admin@email.com]]>
              </value>
            </param>
            <param index="1">
              <value>
                <![CDATA[admin@123]]>
              </value>
            </param>
          </params>
          <reporter-output>
          </reporter-output>
        </test-method> <!-- login -->
        <test-method signature="loggedOut()[pri:3, instance:TestCases.loginpageTest@d771cc9]" started-at="2023-03-12T10:51:04 IST" name="loggedOut" finished-at="2023-03-12T10:51:04 IST" duration-ms="13" status="PASS">
          <reporter-output>
          </reporter-output>
        </test-method> <!-- loggedOut -->
        <test-method is-config="true" signature="closebrowse()[pri:0, instance:TestCases.loginpageTest@d771cc9]" started-at="2023-03-12T10:51:04 IST" name="closebrowse" finished-at="2023-03-12T10:51:04 IST" duration-ms="0" status="PASS">
          <reporter-output>
          </reporter-output>
        </test-method> <!-- closebrowse -->
      </class> <!-- TestCases.loginpageTest -->
      <class name="TestCases.DefaultLandingPage">
        <test-method is-config="true" signature="start()[pri:0, instance:TestCases.DefaultLandingPage@181e731e]" started-at="2023-03-12T10:50:51 IST" name="start" finished-at="2023-03-12T10:50:55 IST" duration-ms="3576" status="PASS">
          <reporter-output>
          </reporter-output>
        </test-method> <!-- start -->
        <test-method signature="getsocialmeadiaicons()[pri:0, instance:TestCases.DefaultLandingPage@181e731e]" started-at="2023-03-12T10:50:55 IST" name="getsocialmeadiaicons" finished-at="2023-03-12T10:50:58 IST" duration-ms="3275" status="PASS">
          <reporter-output>
          </reporter-output>
        </test-method> <!-- getsocialmeadiaicons -->
        <test-method is-config="true" signature="closebrowse()[pri:0, instance:TestCases.DefaultLandingPage@181e731e]" started-at="2023-03-12T10:50:58 IST" name="closebrowse" finished-at="2023-03-12T10:50:58 IST" duration-ms="1" status="PASS">
          <reporter-output>
          </reporter-output>
        </test-method> <!-- closebrowse -->
      </class> <!-- TestCases.DefaultLandingPage -->
    </test> <!-- Test -->
  </suite> <!-- Suite -->
</testng-results>
