<?xml version="1.0" encoding="UTF-8"?>
<!-- Generated by org.testng.reporters.JUnitXMLReporter -->
<testsuite ignored="0" hostname="MSI" failures="0" tests="4" name="Test" time="12.073" errors="0" timestamp="2023-03-10T00:21:21 IST">
  <testcase classname="TestCases.DefaultLandingPage" name="getsocialmeadiaicons" time="2.774"/>
  <testcase classname="TestCases.loginpageTest" name="HomePage" time="0.028"/>
  <testcase classname="TestCases.loginpageTest" name="login" time="2.502"/>
  <testcase classname="TestCases.loginpageTest" name="loggedOut" time="0.014"/>
</testsuite> <!-- Test -->
