<?xml version="1.0" encoding="UTF-8"?>
<!-- Generated by org.testng.reporters.JUnitXMLReporter -->
<testsuite ignored="0" hostname="MSI" failures="0" tests="4" name="Test" time="13.032" errors="0" timestamp="2023-03-12T10:51:04 IST">
  <testcase classname="TestCases.DefaultLandingPage" name="getsocialmeadiaicons" time="3.275"/>
  <testcase classname="TestCases.loginpageTest" name="HomePage" time="0.027"/>
  <testcase classname="TestCases.loginpageTest" name="login" time="2.561"/>
  <testcase classname="TestCases.loginpageTest" name="loggedOut" time="0.013"/>
</testsuite> <!-- Test -->
